#
# There is insufficient memory for the Java Runtime Environment to continue.
# Native memory allocation (mmap) failed to map 123731968 bytes for Failed to commit area from 0x000000008a200000 to 0x0000000091800000 of length 123731968.
# Possible reasons:
#   The system is out of physical RAM or swap space
#   The process is running with CompressedOops enabled, and the Java Heap may be blocking the growth of the native heap
# Possible solutions:
#   Reduce memory load on the system
#   Increase physical memory or swap space
#   Check if swap backing store is full
#   Decrease Java heap size (-Xmx/-Xms)
#   Decrease number of Java threads
#   Decrease Java thread stack sizes (-Xss)
#   Set larger code cache with -XX:ReservedCodeCacheSize=
# This output file may be truncated or incomplete.
#
#  Out of Memory Error (./src/hotspot/os/windows/os_windows.cpp:3301), pid=14072, tid=2812
#
# JRE version:  (11.0.10) (build )
# Java VM: OpenJDK 64-Bit Server VM (11.0.10+0-b96-7249189, mixed mode, sharing, tiered, compressed oops, g1 gc, windows-amd64)
# No core dump will be written. Minidumps are not enabled by default on client versions of Windows
#

---------------  S U M M A R Y ------------

Command Line: 

Host: AMD Ryzen 5 4600H with Radeon Graphics         , 12 cores, 7G,  Windows 10 , 64 bit Build 22000 (10.0.22000.318)
Time: Fri Dec 24 13:36:09 2021 India Standard Time elapsed time: 0.031638 seconds (0d 0h 0m 0s)

---------------  T H R E A D  ---------------

Current thread (0x0000018f3cbf3000):  JavaThread "Unknown thread" [_thread_in_vm, id=2812, stack(0x0000003d59800000,0x0000003d59900000)]

Stack: [0x0000003d59800000,0x0000003d59900000]
Native frames: (J=compiled Java code, j=interpreted, Vv=VM code, C=native code)
V  [jvm.dll+0x5ecfaa]
V  [jvm.dll+0x722bd5]
V  [jvm.dll+0x72412d]
V  [jvm.dll+0x7247e3]
V  [jvm.dll+0x242928]
V  [jvm.dll+0x5ea374]
V  [jvm.dll+0x5df425]
V  [jvm.dll+0x2fdebb]
V  [jvm.dll+0x2fde2a]
V  [jvm.dll+0x2fdd02]
V  [jvm.dll+0x302bf6]
V  [jvm.dll+0x34b2a3]
V  [jvm.dll+0x34b9a6]
V  [jvm.dll+0x34b3a3]
V  [jvm.dll+0x2d8888]
V  [jvm.dll+0x2d9a37]
V  [jvm.dll+0x701737]
V  [jvm.dll+0x702f2c]
V  [jvm.dll+0x3587d9]
V  [jvm.dll+0x6e4fae]
V  [jvm.dll+0x3c0be3]
V  [jvm.dll+0x3c2e91]
C  [jli.dll+0x5373]
C  [ucrtbase.dll+0x26c0c]
C  [KERNEL32.DLL+0x154e0]
C  [ntdll.dll+0x485b]


---------------  P R O C E S S  ---------------

Threads class SMR info:
_java_thread_list=0x0000018f3c9b0b00, length=0, elements={
}

Java Threads: ( => current thread )

Other Threads:
  0x0000018f3ca8c000 GCTaskThread "GC Thread#0" [stack: 0x0000003d59900000,0x0000003d59a00000] [id=22892]
  0x0000018f3cc34000 ConcurrentGCThread "G1 Main Marker" [stack: 0x0000003d59a00000,0x0000003d59b00000] [id=23008]
  0x0000018f3cc35000 ConcurrentGCThread "G1 Conc#0" [stack: 0x0000003d59b00000,0x0000003d59c00000] [id=2728]

[error occurred during error reporting (printing all threads), id 0xc0000005, EXCEPTION_ACCESS_VIOLATION (0xc0000005) at pc=0x00007ffa54539107]

VM state:not at safepoint (not fully initialized)

VM Mutex/Monitor currently owned by a thread:  ([mutex/lock_event])
[0x0000018f3cbefe90] Heap_lock - owner thread: 0x0000018f3cbf3000

Heap address: 0x000000008a200000, size: 1886 MB, Compressed Oops mode: Non-zero based: 0x000000008a200000
Narrow klass base: 0x0000000000000000, Narrow klass shift: 0

GC Heap History (0 events):
No events

Deoptimization events (0 events):
No events

Classes redefined (0 events):
No events

Internal exceptions (0 events):
No events

Events (1 events):
Event: 0.007 Loaded shared library C:\Program Files\Android\Android Studio\jre\bin\zip.dll


Dynamic libraries:
0x00007ff6a2f50000 - 0x00007ff6a2f5a000 	C:\Program Files\Android\Android Studio\jre\bin\java.EXE
0x00007ffaf5280000 - 0x00007ffaf5487000 	C:\WINDOWS\SYSTEM32\ntdll.dll
0x00007ffaf4930000 - 0x00007ffaf49ed000 	C:\WINDOWS\System32\KERNEL32.DLL
0x00007ffaf2a10000 - 0x00007ffaf2d84000 	C:\WINDOWS\System32\KERNELBASE.dll
0x00007ffaf2ff0000 - 0x00007ffaf3101000 	C:\WINDOWS\System32\ucrtbase.dll
0x00007ffadaac0000 - 0x00007ffadaad9000 	C:\Program Files\Android\Android Studio\jre\bin\jli.dll
0x00007ffad7080000 - 0x00007ffad7097000 	C:\Program Files\Android\Android Studio\jre\bin\VCRUNTIME140.dll
0x00007ffaf3130000 - 0x00007ffaf32dc000 	C:\WINDOWS\System32\USER32.dll
0x00007ffaf2760000 - 0x00007ffaf2786000 	C:\WINDOWS\System32\win32u.dll
0x00007ffad6d30000 - 0x00007ffad6fd5000 	C:\WINDOWS\WinSxS\amd64_microsoft.windows.common-controls_6595b64144ccf1df_6.0.22000.120_none_9d947278b86cc467\COMCTL32.dll
0x00007ffaf4fb0000 - 0x00007ffaf4fd9000 	C:\WINDOWS\System32\GDI32.dll
0x00007ffaf2790000 - 0x00007ffaf28a2000 	C:\WINDOWS\System32\gdi32full.dll
0x00007ffaf4880000 - 0x00007ffaf4923000 	C:\WINDOWS\System32\msvcrt.dll
0x00007ffaf2970000 - 0x00007ffaf2a0d000 	C:\WINDOWS\System32\msvcp_win.dll
0x00007ffaf33d0000 - 0x00007ffaf3401000 	C:\WINDOWS\System32\IMM32.DLL
0x00007ffabd250000 - 0x00007ffabd2ed000 	C:\Program Files\Android\Android Studio\jre\bin\msvcp140.dll
0x00007ffa54250000 - 0x00007ffa54d1f000 	C:\Program Files\Android\Android Studio\jre\bin\server\jvm.dll
0x00007ffaf4e70000 - 0x00007ffaf4f1c000 	C:\WINDOWS\System32\ADVAPI32.dll
0x00007ffaf4360000 - 0x00007ffaf43fd000 	C:\WINDOWS\System32\sechost.dll
0x00007ffaf3800000 - 0x00007ffaf3921000 	C:\WINDOWS\System32\RPCRT4.dll
0x00007ffaf3990000 - 0x00007ffaf3998000 	C:\WINDOWS\System32\PSAPI.DLL
0x00007ffaea0c0000 - 0x00007ffaea0ca000 	C:\WINDOWS\SYSTEM32\VERSION.dll
0x00007ffaeb360000 - 0x00007ffaeb369000 	C:\WINDOWS\SYSTEM32\WSOCK32.dll
0x00007ffaebdb0000 - 0x00007ffaebde3000 	C:\WINDOWS\SYSTEM32\WINMM.dll
0x00007ffaf3410000 - 0x00007ffaf347f000 	C:\WINDOWS\System32\WS2_32.dll
0x00007ffaf1880000 - 0x00007ffaf1898000 	C:\WINDOWS\SYSTEM32\kernel.appcore.dll
0x00007ffad4390000 - 0x00007ffad43a1000 	C:\Program Files\Android\Android Studio\jre\bin\verify.dll
0x00007ffae0f70000 - 0x00007ffae1191000 	C:\WINDOWS\SYSTEM32\DBGHELP.DLL
0x00007ffad3770000 - 0x00007ffad37a1000 	C:\WINDOWS\SYSTEM32\dbgcore.DLL
0x00007ffaf2f00000 - 0x00007ffaf2f7f000 	C:\WINDOWS\System32\bcryptPrimitives.dll
0x00007ffad4360000 - 0x00007ffad4389000 	C:\Program Files\Android\Android Studio\jre\bin\java.dll
0x00007ffadf6e0000 - 0x00007ffadf6eb000 	C:\Program Files\Android\Android Studio\jre\bin\jimage.dll
0x00007ffad41f0000 - 0x00007ffad4208000 	C:\Program Files\Android\Android Studio\jre\bin\zip.dll

dbghelp: loaded successfully - version: 4.0.5 - missing functions: none
symbol engine: initialized successfully - sym options: 0x614 - pdb path: .;C:\Program Files\Android\Android Studio\jre\bin;C:\WINDOWS\SYSTEM32;C:\WINDOWS\WinSxS\amd64_microsoft.windows.common-controls_6595b64144ccf1df_6.0.22000.120_none_9d947278b86cc467;C:\Program Files\Android\Android Studio\jre\bin\server

VM Arguments:
java_command: <unknown>
java_class_path (initial): <not set>
Launcher Type: SUN_STANDARD

[Global flags]
     intx CICompilerCount                          = 4                                         {product} {ergonomic}
     uint ConcGCThreads                            = 3                                         {product} {ergonomic}
     uint G1ConcRefinementThreads                  = 10                                        {product} {ergonomic}
   size_t G1HeapRegionSize                         = 1048576                                   {product} {ergonomic}
    uintx GCDrainStackTargetSize                   = 64                                        {product} {ergonomic}
   size_t InitialHeapSize                          = 123731968                                 {product} {ergonomic}
   size_t MarkStackSize                            = 4194304                                   {product} {ergonomic}
   size_t MaxHeapSize                              = 1977614336                                {product} {ergonomic}
   size_t MinHeapDeltaBytes                        = 1048576                                   {product} {ergonomic}
    uintx NonNMethodCodeHeapSize                   = 5836300                                {pd product} {ergonomic}
    uintx NonProfiledCodeHeapSize                  = 122910970                              {pd product} {ergonomic}
    uintx ProfiledCodeHeapSize                     = 122910970                              {pd product} {ergonomic}
    uintx ReservedCodeCacheSize                    = 251658240                              {pd product} {ergonomic}
     bool SegmentedCodeCache                       = true                                      {product} {ergonomic}
     bool UseCompressedClassPointers               = true                                 {lp64_product} {ergonomic}
     bool UseCompressedOops                        = true                                 {lp64_product} {ergonomic}
     bool UseG1GC                                  = true                                      {product} {ergonomic}
     bool UseLargePagesIndividualAllocation        = false                                  {pd product} {ergonomic}

Logging:
Log output configuration:
 #0: stdout all=warning uptime,level,tags
 #1: stderr all=off uptime,level,tags

Environment Variables:
PATH=C:\Program Files (x86)\Common Files\Intel\Shared Libraries\redist\intel64\compiler;C:\windows\system32;C:\windows;C:\windows\System32\Wbem;C:\windows\System32\WindowsPowerShell\v1.0\;C:\windows\System32\OpenSSH\;C:\Program Files (x86)\NVIDIA Corporation\PhysX\Common;C:\Program Files\NVIDIA Corporation\NVIDIA NvDLISR;C:\WINDOWS\system32;C:\WINDOWS;C:\WINDOWS\System32\Wbem;C:\WINDOWS\System32\WindowsPowerShell\v1.0\;C:\WINDOWS\System32\OpenSSH\;C:\Program Files\Java\jdk-17.0.1\bin;C:\Program Files\Git\cmd;C:\Users\ashis\AppData\Local\Microsoft\WindowsApps;C:\Users\ashis\AppData\Local\Programs\Microsoft VS Code\bin;C:\flutter\bin;;C:\flutter\bin\mingit\cmd
USERNAME=ashis
OS=Windows_NT
PROCESSOR_IDENTIFIER=AMD64 Family 23 Model 96 Stepping 1, AuthenticAMD



---------------  S Y S T E M  ---------------

OS: Windows 10 , 64 bit Build 22000 (10.0.22000.318)
OS uptime: 0 days 14:11 hours

CPU:total 12 (initial active 12) (12 cores per cpu, 2 threads per core) family 23 model 96 stepping 1 microcode 0x0, cmov, cx8, fxsr, mmx, sse, sse2, sse3, ssse3, sse4.1, sse4.2, popcnt, avx, avx2, aes, clmul, mmxext, 3dnowpref, lzcnt, sse4a, ht, tsc, tscinvbit, tscinv, bmi1, bmi2, adx, 

Memory: 4k page, system-wide physical 7541M (717M free)
TotalPageFile size 31093M (AvailPageFile size 43M)
current process WorkingSet (physical memory assigned to process): 10M, peak: 10M
current process commit charge ("private bytes"): 63M, peak: 181M

vm_info: OpenJDK 64-Bit Server VM (11.0.10+0-b96-7249189) for windows-amd64 JRE (11.0.10+0-b96-7249189), built on Mar 31 2021 21:44:00 by "builder" with MS VC++ 14.0 (VS2015)

END.
