#
# There is insufficient memory for the Java Runtime Environment to continue.
# Native memory allocation (mmap) failed to map 123731968 bytes for G1 virtual space
# Possible reasons:
#   The system is out of physical RAM or swap space
#   The process is running with CompressedOops enabled, and the Java Heap may be blocking the growth of the native heap
# Possible solutions:
#   Reduce memory load on the system
#   Increase physical memory or swap space
#   Check if swap backing store is full
#   Decrease Java heap size (-Xmx/-Xms)
#   Decrease number of Java threads
#   Decrease Java thread stack sizes (-Xss)
#   Set larger code cache with -XX:ReservedCodeCacheSize=
#   JVM is running with Unscaled Compressed Oops mode in which the Java heap is
#     placed in the first 4GB address space. The Java Heap base address is the
#     maximum limit for the native heap growth. Please use -XX:HeapBaseMinAddress
#     to set the Java Heap base and to place the Java Heap above 4GB virtual address.
# This output file may be truncated or incomplete.
#
#  Out of Memory Error (os_windows.cpp:3469), pid=14888, tid=11728
#
# JRE version:  (17.0.1+12) (build )
# Java VM: Java HotSpot(TM) 64-Bit Server VM (17.0.1+12-LTS-39, mixed mode, sharing, tiered, compressed oops, compressed class ptrs, g1 gc, windows-amd64)
# No core dump will be written. Minidumps are not enabled by default on client versions of Windows
#

---------------  S U M M A R Y ------------

Command Line: 

Host: AMD Ryzen 5 4600H with Radeon Graphics         , 12 cores, 7G,  Windows 10 , 64 bit Build 22000 (10.0.22000.318)
Time: Tue Dec 28 13:05:46 2021 India Standard Time elapsed time: 0.072155 seconds (0d 0h 0m 0s)

---------------  T H R E A D  ---------------

Current thread (0x00000118112de760):  JavaThread "Unknown thread" [_thread_in_vm, id=11728, stack(0x0000001780f00000,0x0000001781000000)]

Stack: [0x0000001780f00000,0x0000001781000000]
Native frames: (J=compiled Java code, j=interpreted, Vv=VM code, C=native code)
V  [jvm.dll+0x66fa1a]
V  [jvm.dll+0x7ce5a4]
V  [jvm.dll+0x7cfd4e]
V  [jvm.dll+0x7d03b3]
V  [jvm.dll+0x242b05]
V  [jvm.dll+0x66ca39]
V  [jvm.dll+0x661502]
V  [jvm.dll+0x30081b]
V  [jvm.dll+0x307da6]
V  [jvm.dll+0x357a1e]
V  [jvm.dll+0x357c4f]
V  [jvm.dll+0x2d7ad8]
V  [jvm.dll+0x2d8a44]
V  [jvm.dll+0x7a01e1]
V  [jvm.dll+0x365791]
V  [jvm.dll+0x77f6cc]
V  [jvm.dll+0x3e812f]
V  [jvm.dll+0x3e9bd1]
C  [jli.dll+0x527b]
C  [ucrtbase.dll+0x26c0c]
C  [KERNEL32.DLL+0x154e0]
C  [ntdll.dll+0x485b]


---------------  P R O C E S S  ---------------

Threads class SMR info:
_java_thread_list=0x00007ffb03a47818, length=0, elements={
}

Java Threads: ( => current thread )

Other Threads:
  0x000001181131b5f0 GCTaskThread "GC Thread#0" [stack: 0x0000001781000000,0x0000001781100000] [id=23000]
  0x000001181132b0f0 ConcurrentGCThread "G1 Main Marker" [stack: 0x0000001781100000,0x0000001781200000] [id=28320]
  0x000001181132d2b0 ConcurrentGCThread "G1 Conc#0" [stack: 0x0000001781200000,0x0000001781300000] [id=17232]

[error occurred during error reporting (printing all threads), id 0xc0000005, EXCEPTION_ACCESS_VIOLATION (0xc0000005) at pc=0x00007ffb032984b7]

VM state: not at safepoint (not fully initialized)

VM Mutex/Monitor currently owned by a thread:  ([mutex/lock_event])
[0x00000118112d9f30] Heap_lock - owner thread: 0x00000118112de760

Heap address: 0x000000008a200000, size: 1886 MB, Compressed Oops mode: 32-bit

CDS archive(s) mapped at: [0x0000000000000000-0x0000000000000000-0x0000000000000000), size 0, SharedBaseAddress: 0x0000000800000000, ArchiveRelocationMode: 0.
Narrow klass base: 0x0000000000000000, Narrow klass shift: 0, Narrow klass range: 0x0

GC Precious Log:
<Empty>

Heap:
 garbage-first heap   total 0K, used 0K [0x000000008a200000, 0x0000000100000000)
  region size 1024K, 0 young (0K), 0 survivors (0K)

[error occurred during error reporting (printing heap information), id 0xc0000005, EXCEPTION_ACCESS_VIOLATION (0xc0000005) at pc=0x00007ffb03678d89]

GC Heap History (0 events):
No events

Deoptimization events (0 events):
No events

Classes unloaded (0 events):
No events

Classes redefined (0 events):
No events

Internal exceptions (0 events):
No events

VM Operations (0 events):
No events

Events (1 events):
Event: 0.063 Loaded shared library C:\Program Files\Java\jdk-17.0.1\bin\java.dll


Dynamic libraries:
0x00007ff7c93b0000 - 0x00007ff7c93c0000 	C:\Program Files\Java\jdk-17.0.1\bin\java.exe
0x00007ffb6b860000 - 0x00007ffb6ba67000 	C:\WINDOWS\SYSTEM32\ntdll.dll
0x00007ffb6a450000 - 0x00007ffb6a50d000 	C:\WINDOWS\System32\KERNEL32.DLL
0x00007ffb68f20000 - 0x00007ffb69294000 	C:\WINDOWS\System32\KERNELBASE.dll
0x00007ffb69460000 - 0x00007ffb69571000 	C:\WINDOWS\System32\ucrtbase.dll
0x00007ffb40240000 - 0x00007ffb40258000 	C:\Program Files\Java\jdk-17.0.1\bin\jli.dll
0x00007ffb69940000 - 0x00007ffb699ec000 	C:\WINDOWS\System32\ADVAPI32.dll
0x00007ffb696f0000 - 0x00007ffb69793000 	C:\WINDOWS\System32\msvcrt.dll
0x00007ffb6b4b0000 - 0x00007ffb6b54d000 	C:\WINDOWS\System32\sechost.dll
0x00007ffb6a580000 - 0x00007ffb6a6a1000 	C:\WINDOWS\System32\RPCRT4.dll
0x00007ffb69e30000 - 0x00007ffb69fdc000 	C:\WINDOWS\System32\USER32.dll
0x00007ffb69580000 - 0x00007ffb695a6000 	C:\WINDOWS\System32\win32u.dll
0x00007ffb3ba60000 - 0x00007ffb3ba7a000 	C:\Program Files\Java\jdk-17.0.1\bin\VCRUNTIME140.dll
0x00007ffb6b700000 - 0x00007ffb6b729000 	C:\WINDOWS\System32\GDI32.dll
0x00007ffb69340000 - 0x00007ffb69452000 	C:\WINDOWS\System32\gdi32full.dll
0x00007ffb501f0000 - 0x00007ffb50495000 	C:\WINDOWS\WinSxS\amd64_microsoft.windows.common-controls_6595b64144ccf1df_6.0.22000.120_none_9d947278b86cc467\COMCTL32.dll
0x00007ffb692a0000 - 0x00007ffb6933d000 	C:\WINDOWS\System32\msvcp_win.dll
0x00007ffb60d10000 - 0x00007ffb60d1a000 	C:\WINDOWS\SYSTEM32\VERSION.dll
0x00007ffb6b470000 - 0x00007ffb6b4a1000 	C:\WINDOWS\System32\IMM32.DLL
0x00007ffb4fca0000 - 0x00007ffb4fcac000 	C:\Program Files\Java\jdk-17.0.1\bin\vcruntime140_1.dll
0x00007ffb29a70000 - 0x00007ffb29afd000 	C:\Program Files\Java\jdk-17.0.1\bin\msvcp140.dll
0x00007ffb02fb0000 - 0x00007ffb03b6e000 	C:\Program Files\Java\jdk-17.0.1\bin\server\jvm.dll
0x00007ffb6b550000 - 0x00007ffb6b558000 	C:\WINDOWS\System32\PSAPI.DLL
0x00007ffb62d70000 - 0x00007ffb62da3000 	C:\WINDOWS\SYSTEM32\WINMM.dll
0x00007ffb45f30000 - 0x00007ffb45f39000 	C:\WINDOWS\SYSTEM32\WSOCK32.dll
0x00007ffb6a510000 - 0x00007ffb6a57f000 	C:\WINDOWS\System32\WS2_32.dll
0x00007ffb67e60000 - 0x00007ffb67e78000 	C:\WINDOWS\SYSTEM32\kernel.appcore.dll
0x00007ffb4d010000 - 0x00007ffb4d01a000 	C:\Program Files\Java\jdk-17.0.1\bin\jimage.dll
0x00007ffb56ce0000 - 0x00007ffb56f01000 	C:\WINDOWS\SYSTEM32\DBGHELP.DLL
0x00007ffb4d6a0000 - 0x00007ffb4d6d1000 	C:\WINDOWS\SYSTEM32\dbgcore.DLL
0x00007ffb69670000 - 0x00007ffb696ef000 	C:\WINDOWS\System32\bcryptPrimitives.dll
0x00007ffb39490000 - 0x00007ffb394b5000 	C:\Program Files\Java\jdk-17.0.1\bin\java.dll

dbghelp: loaded successfully - version: 4.0.5 - missing functions: none
symbol engine: initialized successfully - sym options: 0x614 - pdb path: .;C:\Program Files\Java\jdk-17.0.1\bin;C:\WINDOWS\SYSTEM32;C:\WINDOWS\WinSxS\amd64_microsoft.windows.common-controls_6595b64144ccf1df_6.0.22000.120_none_9d947278b86cc467;C:\Program Files\Java\jdk-17.0.1\bin\server

VM Arguments:
java_command: <unknown>
java_class_path (initial): <not set>
Launcher Type: SUN_STANDARD

[Global flags]
     intx CICompilerCount                          = 4                                         {product} {ergonomic}
     uint ConcGCThreads                            = 3                                         {product} {ergonomic}
     uint G1ConcRefinementThreads                  = 10                                        {product} {ergonomic}
   size_t G1HeapRegionSize                         = 1048576                                   {product} {ergonomic}
    uintx GCDrainStackTargetSize                   = 64                                        {product} {ergonomic}
   size_t InitialHeapSize                          = 123731968                                 {product} {ergonomic}
   size_t MarkStackSize                            = 4194304                                   {product} {ergonomic}
   size_t MaxHeapSize                              = 1977614336                                {product} {ergonomic}
   size_t MinHeapDeltaBytes                        = 1048576                                   {product} {ergonomic}
   size_t MinHeapSize                              = 8388608                                   {product} {ergonomic}
    uintx NonNMethodCodeHeapSize                   = 5839372                                {pd product} {ergonomic}
    uintx NonProfiledCodeHeapSize                  = 122909434                              {pd product} {ergonomic}
    uintx ProfiledCodeHeapSize                     = 122909434                              {pd product} {ergonomic}
    uintx ReservedCodeCacheSize                    = 251658240                              {pd product} {ergonomic}
     bool SegmentedCodeCache                       = true                                      {product} {ergonomic}
   size_t SoftMaxHeapSize                          = 1977614336                             {manageable} {ergonomic}
     bool UseCompressedClassPointers               = true                           {product lp64_product} {ergonomic}
     bool UseCompressedOops                        = true                           {product lp64_product} {ergonomic}
     bool UseG1GC                                  = true                                      {product} {ergonomic}
     bool UseLargePagesIndividualAllocation        = false                                  {pd product} {ergonomic}

Logging:
Log output configuration:
 #0: stdout all=warning uptime,level,tags
 #1: stderr all=off uptime,level,tags

Environment Variables:
PATH=C:\Program Files (x86)\Common Files\Intel\Shared Libraries\redist\intel64\compiler;C:\windows\system32;C:\windows;C:\windows\System32\Wbem;C:\windows\System32\WindowsPowerShell\v1.0\;C:\windows\System32\OpenSSH\;C:\Program Files (x86)\NVIDIA Corporation\PhysX\Common;C:\Program Files\NVIDIA Corporation\NVIDIA NvDLISR;C:\WINDOWS\system32;C:\WINDOWS;C:\WINDOWS\System32\Wbem;C:\WINDOWS\System32\WindowsPowerShell\v1.0\;C:\WINDOWS\System32\OpenSSH\;C:\Program Files\Java\jdk-17.0.1\bin;C:\Program Files\Git\cmd;C:\Users\ashis\AppData\Local\Microsoft\WindowsApps;C:\Users\ashis\AppData\Local\Programs\Microsoft VS Code\bin;C:\flutter\bin;;C:\flutter\bin\mingit\cmd
USERNAME=ashis
OS=Windows_NT
PROCESSOR_IDENTIFIER=AMD64 Family 23 Model 96 Stepping 1, AuthenticAMD



---------------  S Y S T E M  ---------------

OS:
 Windows 10 , 64 bit Build 22000 (10.0.22000.318)
OS uptime: 3 days 1:55 hours

CPU: total 12 (initial active 12) (12 cores per cpu, 2 threads per core) family 23 model 96 stepping 1 microcode 0x0, cx8, cmov, fxsr, ht, mmx, 3dnowpref, sse, sse2, sse3, ssse3, sse4a, sse4.1, sse4.2, popcnt, lzcnt, tsc, tscinvbit, avx, avx2, aes, clmul, bmi1, bmi2, adx, sha, fma, vzeroupper, clflush, clflushopt

Memory: 4k page, system-wide physical 7541M (907M free)
TotalPageFile size 31093M (AvailPageFile size 71M)
current process WorkingSet (physical memory assigned to process): 10M, peak: 10M
current process commit charge ("private bytes"): 64M, peak: 182M

vm_info: Java HotSpot(TM) 64-Bit Server VM (17.0.1+12-LTS-39) for windows-amd64 JRE (17.0.1+12-LTS-39), built on Sep 27 2021 18:41:35 by "mach5one" with MS VC++ 16.8 (VS2019)

END.
